E:\USERS\DESKTOP\BSPLINE_IN_CUBE\BSPLINE_IN_CUBE\DEBUG\BSPLINE_IN_CUBE.EXE.EMBED.MANIFEST
E:\USERS\DESKTOP\BSPLINE_IN_CUBE\BSPLINE_IN_CUBE\DEBUG\BSPLINE_IN_CUBE.EXE.EMBED.MANIFEST.RES
E:\USERS\DESKTOP\BSPLINE_IN_CUBE\BSPLINE_IN_CUBE\DEBUG\BSPLINE_IN_CUBE.EXE.INTERMEDIATE.MANIFEST
E:\USERS\DESKTOP\BSPLINE_IN_CUBE\BSPLINE_IN_CUBE\DEBUG\BSPLINE_IN_CUBE.OBJ
E:\USERS\DESKTOP\BSPLINE_IN_CUBE\BSPLINE_IN_CUBE\DEBUG\BSPLINE_IN_CUBE.PCH
E:\Users\Desktop\Bspline_in_cube\Bspline_in_cube\Debug\Bspline_in_cube.write.1.tlog
E:\Users\Desktop\Bspline_in_cube\Bspline_in_cube\Debug\Bspline_in_cube_manifest.rc
E:\Users\Desktop\Bspline_in_cube\Bspline_in_cube\Debug\cl.command.1.tlog
E:\Users\Desktop\Bspline_in_cube\Bspline_in_cube\Debug\CL.read.1.tlog
E:\Users\Desktop\Bspline_in_cube\Bspline_in_cube\Debug\CL.write.1.tlog
E:\Users\Desktop\Bspline_in_cube\Bspline_in_cube\Debug\link.49920.read.1.tlog
E:\Users\Desktop\Bspline_in_cube\Bspline_in_cube\Debug\link.49920.write.1.tlog
E:\Users\Desktop\Bspline_in_cube\Bspline_in_cube\Debug\link.49920-cvtres.read.1.tlog
E:\Users\Desktop\Bspline_in_cube\Bspline_in_cube\Debug\link.49920-cvtres.write.1.tlog
E:\Users\Desktop\Bspline_in_cube\Bspline_in_cube\Debug\link.command.1.tlog
E:\Users\Desktop\Bspline_in_cube\Bspline_in_cube\Debug\link.read.1.tlog
E:\Users\Desktop\Bspline_in_cube\Bspline_in_cube\Debug\link.write.1.tlog
E:\Users\Desktop\Bspline_in_cube\Bspline_in_cube\Debug\link-cvtres.read.1.tlog
E:\Users\Desktop\Bspline_in_cube\Bspline_in_cube\Debug\link-cvtres.write.1.tlog
E:\Users\Desktop\Bspline_in_cube\Bspline_in_cube\Debug\mt.command.1.tlog
E:\Users\Desktop\Bspline_in_cube\Bspline_in_cube\Debug\mt.read.1.tlog
E:\Users\Desktop\Bspline_in_cube\Bspline_in_cube\Debug\mt.write.1.tlog
E:\Users\Desktop\Bspline_in_cube\Bspline_in_cube\Debug\rc.command.1.tlog
E:\Users\Desktop\Bspline_in_cube\Bspline_in_cube\Debug\rc.read.1.tlog
E:\Users\Desktop\Bspline_in_cube\Bspline_in_cube\Debug\rc.write.1.tlog
E:\USERS\DESKTOP\BSPLINE_IN_CUBE\BSPLINE_IN_CUBE\DEBUG\STDAFX.OBJ
E:\Users\Desktop\Bspline_in_cube\Bspline_in_cube\Debug\vc100.idb
E:\USERS\DESKTOP\BSPLINE_IN_CUBE\BSPLINE_IN_CUBE\DEBUG\VC100.PDB
E:\USERS\DESKTOP\BSPLINE_IN_CUBE\DEBUG\BSPLINE_IN_CUBE.EXE
E:\USERS\DESKTOP\BSPLINE_IN_CUBE\DEBUG\BSPLINE_IN_CUBE.ILK
E:\USERS\DESKTOP\BSPLINE_IN_CUBE\DEBUG\BSPLINE_IN_CUBE.PDB
